
                         ''~``                          
                        ( o o )                         
+------------------.oooO--(_)--Oooo.------------------+ 
|                                                     | 
|                .-------------------.                | 
|                | I N D I E  L I B  |                | 
|                .-------------------.                | 
|                    .oooO                            | 
|                    (   )   Oooo.                    | 
+---------------------\ (----(   )--------------------+
                       \_)    ) /                      
                             (_/                        
Indielib version: 0.5.1

[Init time]: (Friday, 31 of March 2017)

[00:21:36] [ BEGIN ] -- Creating Render --
                     {
[00:21:36] [ BEGIN ]    -- Creating SDL window --
                        {
           [  OK   ]       Window created
           [ INFO  ]       Mode: Window
                        }
[00:21:36] [  END  ]    Window OK [Elapsed time = 0.033 seg]
[00:21:36] [ BEGIN ]    -- Initializing Direct3D --
                        {
           [  OK   ]       Creating D3D object
           [  OK   ]       Obtaining the adapter
           [  OK   ]       Creating the device (D3DCREATE_HARDWARE_VERTEXPROCESSING)
           [ INFO  ]       Video mode: 800 x 600 x 32
                        }
[00:21:37] [  END  ]    Direct3D OK [Elapsed time = 0.203 seg]
[00:21:37] [ BEGIN ]    -- Hardware information --
                        {
           [ INFO  ]       Direct3D version: DXSDK November 2007
           [ INFO  ]       Mark: ATI Technologies Inc
           [ INFO  ]       Chip: AMD Radeon HD 7520G
           [ INFO  ]       Primitive antialising (D3DRS_ANTIALIASEDLINEENABLE): No
           [ INFO  ]       Maximum texture size: 16384 x 16384
           [ INFO  ]       Vertex Shader: 3 . 0 
           [ INFO  ]       Pixel Shader: 3 . 0
                        }
[00:21:37] [  END  ]    Hardware Ok [Elapsed time = 0 seg]
[00:21:37] [ BEGIN ]    -- Initializing ImageManager --
                        {
           [  OK   ]       Preparing ImageManager
           [ INFO  ]       Using FreeImage version:  3.15.3
           [ INFO  ]       Copyright:  This program uses FreeImage, a free, open source image library supporting all common bitmap formats. See http://freeimage.sourceforge.net for details
                        }
[00:21:37] [  END  ]    ImageManager Initialised [Elapsed time = 0 seg]
[00:21:37] [ BEGIN ]    -- Initializing SurfaceManager --
                        {
           [  OK   ]       Checking IND_Render
           [  OK   ]       Checking IND_ImageManager
                        }
[00:21:37] [  END  ]    SurfaceManager OK [Elapsed time = 0 seg]
[00:21:37] [ BEGIN ]    -- Initializing AnimationManager --
                        {
           [  OK   ]       SurfaceManager Ok
           [  OK   ]       ImageManager Ok
                        }
[00:21:37] [  END  ]    AnimationManager OK [Elapsed time = 0 seg]
[00:21:37] [ BEGIN ]    -- Initializing FontManager --
                        {
           [  OK   ]       SurfaceManager Ok
           [  OK   ]       ImageManager Ok
                        }
[00:21:37] [  END  ]    FontManager OK [Elapsed time = 0 seg]
[00:21:37] [ BEGIN ]    -- Initializing Entity2dManager --
                        {
           [  OK   ]       Preparing Entity2dManager
           [  OK   ]        Checking IND_Render
                        }
[00:21:37] [  END  ]    Entity2dManager OK [Elapsed time = 0 seg]
[00:21:37] [ BEGIN ]    -- Loading Image --
                        {
           [ INFO  ]       File name: ../SpaceGame/resources/blue_background.jpg
           [ INFO  ]       Extension: jpg
           [ ERROR ]       Image not found
                        }
[00:21:37] [  END  ]    Error occurred [Elaped time = 0 seg]
[00:21:37] [ BEGIN ]    -- Freeing image --
                        {
           [ INFO  ]       This operation can not be done 
           [ ERROR ]       Invalid Id or IND_ImageManager not correctly initialized
                        }
[00:21:37] [  END  ]    Error occurred [Elaped time = 0 seg]
